  test.cpp
C:\Users\natha\School\7_Fall24\1_CSE231 (NhrtncDsgn)\Lab12 Orbit Parts And Fragments\testSatelliteCrewDragon.h(74,7): warning C4244: 'argument': conversion from 'unsigned __int64' to 'double', possible loss of data
  (compiling source file 'test.cpp')
  
C:\Users\natha\School\7_Fall24\1_CSE231 (NhrtncDsgn)\Lab12 Orbit Parts And Fragments\testSatelliteCrewDragon.h(105,7): warning C4244: 'argument': conversion from 'unsigned __int64' to 'double', possible loss of data
  (compiling source file 'test.cpp')
  
C:\Users\natha\School\7_Fall24\1_CSE231 (NhrtncDsgn)\Lab12 Orbit Parts And Fragments\testSatelliteCrewDragon.h(136,7): warning C4244: 'argument': conversion from 'unsigned __int64' to 'double', possible loss of data
  (compiling source file 'test.cpp')
  
C:\Users\natha\School\7_Fall24\1_CSE231 (NhrtncDsgn)\Lab12 Orbit Parts And Fragments\testSatelliteGPS.h(75,7): warning C4244: 'argument': conversion from 'unsigned __int64' to 'double', possible loss of data
  (compiling source file 'test.cpp')
  
C:\Users\natha\School\7_Fall24\1_CSE231 (NhrtncDsgn)\Lab12 Orbit Parts And Fragments\testSatelliteGPS.h(106,7): warning C4244: 'argument': conversion from 'unsigned __int64' to 'double', possible loss of data
  (compiling source file 'test.cpp')
  
C:\Users\natha\School\7_Fall24\1_CSE231 (NhrtncDsgn)\Lab12 Orbit Parts And Fragments\testSatelliteGPS.h(137,7): warning C4244: 'argument': conversion from 'unsigned __int64' to 'double', possible loss of data
  (compiling source file 'test.cpp')
  
C:\Users\natha\School\7_Fall24\1_CSE231 (NhrtncDsgn)\Lab12 Orbit Parts And Fragments\testSatelliteHubble.h(73,7): warning C4244: 'argument': conversion from 'unsigned __int64' to 'double', possible loss of data
  (compiling source file 'test.cpp')
  
C:\Users\natha\School\7_Fall24\1_CSE231 (NhrtncDsgn)\Lab12 Orbit Parts And Fragments\testSatelliteHubble.h(104,7): warning C4244: 'argument': conversion from 'unsigned __int64' to 'double', possible loss of data
  (compiling source file 'test.cpp')
  
C:\Users\natha\School\7_Fall24\1_CSE231 (NhrtncDsgn)\Lab12 Orbit Parts And Fragments\testSatelliteHubble.h(135,7): warning C4244: 'argument': conversion from 'unsigned __int64' to 'double', possible loss of data
  (compiling source file 'test.cpp')
  
C:\Users\natha\School\7_Fall24\1_CSE231 (NhrtncDsgn)\Lab12 Orbit Parts And Fragments\testSatelliteHubble.h(166,7): warning C4244: 'argument': conversion from 'unsigned __int64' to 'double', possible loss of data
  (compiling source file 'test.cpp')
  
C:\Users\natha\School\7_Fall24\1_CSE231 (NhrtncDsgn)\Lab12 Orbit Parts And Fragments\testSatelliteStarlink.h(73,7): warning C4244: 'argument': conversion from 'unsigned __int64' to 'double', possible loss of data
  (compiling source file 'test.cpp')
  
C:\Users\natha\School\7_Fall24\1_CSE231 (NhrtncDsgn)\Lab12 Orbit Parts And Fragments\testSatelliteStarlink.h(105,7): warning C4244: 'argument': conversion from 'unsigned __int64' to 'double', possible loss of data
  (compiling source file 'test.cpp')
  
  Lab12.vcxproj -> C:\Users\natha\School\7_Fall24\1_CSE231 (NhrtncDsgn)\Lab12 Orbit Parts And Fragments\x64\Debug\Lab12.exe
